Copyright 1986-2018 Xilinx, Inc. All Rights Reserved.
------------------------------------------------------------------------------------------
| Tool Version : Vivado v.2018.2 (win64) Build 2258646 Thu Jun 14 20:03:12 MDT 2018
| Date         : Sun Jun 11 20:52:53 2023
| Host         : Sithika running 64-bit major release  (build 9200)
| Command      : report_control_sets -verbose -file NanoProcessor_control_sets_placed.rpt
| Design       : NanoProcessor
| Device       : xc7a35t
------------------------------------------------------------------------------------------

Control Set Information

Table of Contents
-----------------
1. Summary
2. Histogram
3. Flip-Flop Distribution
4. Detailed Control Set Information

1. Summary
----------

+----------------------------------------------------------+-------+
|                          Status                          | Count |
+----------------------------------------------------------+-------+
| Number of unique control sets                            |     8 |
| Unused register locations in slices containing registers |     8 |
+----------------------------------------------------------+-------+


2. Histogram
------------

+--------+--------------+
| Fanout | Control Sets |
+--------+--------------+
|      6 |            2 |
|      8 |            4 |
|     14 |            1 |
|    16+ |            1 |
+--------+--------------+


3. Flip-Flop Distribution
-------------------------

+--------------+-----------------------+------------------------+-----------------+--------------+
| Clock Enable | Synchronous Set/Reset | Asynchronous Set/Reset | Total Registers | Total Slices |
+--------------+-----------------------+------------------------+-----------------+--------------+
| No           | No                    | No                     |              12 |            4 |
| No           | No                    | Yes                    |               0 |            0 |
| No           | Yes                   | No                     |              62 |            8 |
| Yes          | No                    | No                     |               0 |            0 |
| Yes          | No                    | Yes                    |               0 |            0 |
| Yes          | Yes                   | No                     |              46 |            9 |
+--------------+-----------------------+------------------------+-----------------+--------------+


4. Detailed Control Set Information
-----------------------------------

+-----------------+-----------------------------+------------------------------+------------------+----------------+
|   Clock Signal  |        Enable Signal        |       Set/Reset Signal       | Slice Load Count | Bel Load Count |
+-----------------+-----------------------------+------------------------------+------------------+----------------+
|  Slow_Clock/CLK |                             |                              |                2 |              6 |
|  Clk_IBUF_BUFG  |                             |                              |                2 |              6 |
|  Slow_Clock/CLK | Program_Counter0/out_Dec[0] | Reset_IBUF                   |                2 |              8 |
|  Slow_Clock/CLK | Program_Counter0/out_Dec[2] | Reset_IBUF                   |                2 |              8 |
|  Slow_Clock/CLK | Program_Counter0/out_Dec[3] | Reset_IBUF                   |                2 |              8 |
|  Slow_Clock/CLK | Program_Counter0/out_Dec[1] | Reset_IBUF                   |                1 |              8 |
|  Slow_Clock/CLK | Program_Counter0/out_Dec[4] | Reset_IBUF                   |                2 |             14 |
|  Clk_IBUF_BUFG  |                             | Slow_Clock/count[31]_i_1_n_0 |                8 |             62 |
+-----------------+-----------------------------+------------------------------+------------------+----------------+


