Copyright 1986-2018 Xilinx, Inc. All Rights Reserved.
--------------------------------------------------------------------------------------------------------------------------------------------------------------------------------------------------------------
| Tool Version : Vivado v.2018.2 (win64) Build 2258646 Thu Jun 14 20:03:12 MDT 2018
| Date         : Sun Jun 11 20:53:11 2023
| Host         : Sithika running 64-bit major release  (build 9200)
| Command      : report_timing_summary -max_paths 10 -file NanoProcessor_timing_summary_routed.rpt -pb NanoProcessor_timing_summary_routed.pb -rpx NanoProcessor_timing_summary_routed.rpx -warn_on_violation
| Design       : NanoProcessor
| Device       : 7a35t-cpg236
| Speed File   : -1  PRODUCTION 1.22 2018-03-21
--------------------------------------------------------------------------------------------------------------------------------------------------------------------------------------------------------------

Timing Summary Report

------------------------------------------------------------------------------------------------
| Timer Settings
| --------------
------------------------------------------------------------------------------------------------

  Enable Multi Corner Analysis               :  Yes
  Enable Pessimism Removal                   :  Yes
  Pessimism Removal Resolution               :  Nearest Common Node
  Enable Input Delay Default Clock           :  No
  Enable Preset / Clear Arcs                 :  No
  Disable Flight Delays                      :  No
  Ignore I/O Paths                           :  No
  Timing Early Launch at Borrowing Latches   :  false

  Corner  Analyze    Analyze    
  Name    Max Paths  Min Paths  
  ------  ---------  ---------  
  Slow    Yes        Yes        
  Fast    Yes        Yes        



check_timing report

Table of Contents
-----------------
1. checking no_clock
2. checking constant_clock
3. checking pulse_width_clock
4. checking unconstrained_internal_endpoints
5. checking no_input_delay
6. checking no_output_delay
7. checking multiple_clock
8. checking generated_clocks
9. checking loops
10. checking partial_input_delay
11. checking partial_output_delay
12. checking latch_loops

1. checking no_clock
--------------------
 There are 26 register/latch pins with no clock driven by root clock pin: Slow_Clock/Clk_out_reg/Q (HIGH)


2. checking constant_clock
--------------------------
 There are 0 register/latch pins with constant_clock.


3. checking pulse_width_clock
-----------------------------
 There are 0 register/latch pins which need pulse_width check


4. checking unconstrained_internal_endpoints
--------------------------------------------
 There are 72 pins that are not constrained for maximum delay. (HIGH)

 There are 0 pins that are not constrained for maximum delay due to constant clock.


5. checking no_input_delay
--------------------------
 There is 1 input port with no input delay specified. (HIGH)

 There are 0 input ports with no input delay but user has a false path constraint.


6. checking no_output_delay
---------------------------
 There are 12 ports with no output delay specified. (HIGH)

 There are 0 ports with no output delay but user has a false path constraint

 There are 0 ports with no output delay but with a timing clock defined on it or propagating through it


7. checking multiple_clock
--------------------------
 There are 0 register/latch pins with multiple clocks.


8. checking generated_clocks
----------------------------
 There are 0 generated clocks that are not connected to a clock source.


9. checking loops
-----------------
 There are 0 combinational loops in the design.


10. checking partial_input_delay
--------------------------------
 There are 0 input ports with partial input delay specified.


11. checking partial_output_delay
---------------------------------
 There are 0 ports with partial output delay specified.


12. checking latch_loops
------------------------
 There are 0 combinational latch loops in the design through latch input



------------------------------------------------------------------------------------------------
| Design Timing Summary
| ---------------------
------------------------------------------------------------------------------------------------

    WNS(ns)      TNS(ns)  TNS Failing Endpoints  TNS Total Endpoints      WHS(ns)      THS(ns)  THS Failing Endpoints  THS Total Endpoints     WPWS(ns)     TPWS(ns)  TPWS Failing Endpoints  TPWS Total Endpoints  
    -------      -------  ---------------------  -------------------      -------      -------  ---------------------  -------------------     --------     --------  ----------------------  --------------------  
      5.088        0.000                      0                   65        0.265        0.000                      0                   65        4.500        0.000                       0                    35  


All user specified timing constraints are met.


------------------------------------------------------------------------------------------------
| Clock Summary
| -------------
------------------------------------------------------------------------------------------------

Clock        Waveform(ns)       Period(ns)      Frequency(MHz)
-----        ------------       ----------      --------------
sys_clk_pin  {0.000 5.000}      10.000          100.000         


------------------------------------------------------------------------------------------------
| Intra Clock Table
| -----------------
------------------------------------------------------------------------------------------------

Clock             WNS(ns)      TNS(ns)  TNS Failing Endpoints  TNS Total Endpoints      WHS(ns)      THS(ns)  THS Failing Endpoints  THS Total Endpoints     WPWS(ns)     TPWS(ns)  TPWS Failing Endpoints  TPWS Total Endpoints  
-----             -------      -------  ---------------------  -------------------      -------      -------  ---------------------  -------------------     --------     --------  ----------------------  --------------------  
sys_clk_pin         5.088        0.000                      0                   65        0.265        0.000                      0                   65        4.500        0.000                       0                    35  


------------------------------------------------------------------------------------------------
| Inter Clock Table
| -----------------
------------------------------------------------------------------------------------------------

From Clock    To Clock          WNS(ns)      TNS(ns)  TNS Failing Endpoints  TNS Total Endpoints      WHS(ns)      THS(ns)  THS Failing Endpoints  THS Total Endpoints  
----------    --------          -------      -------  ---------------------  -------------------      -------      -------  ---------------------  -------------------  


------------------------------------------------------------------------------------------------
| Other Path Groups Table
| -----------------------
------------------------------------------------------------------------------------------------

Path Group    From Clock    To Clock          WNS(ns)      TNS(ns)  TNS Failing Endpoints  TNS Total Endpoints      WHS(ns)      THS(ns)  THS Failing Endpoints  THS Total Endpoints  
----------    ----------    --------          -------      -------  ---------------------  -------------------      -------      -------  ---------------------  -------------------  


------------------------------------------------------------------------------------------------
| Timing Details
| --------------
------------------------------------------------------------------------------------------------


---------------------------------------------------------------------------------------------------
From Clock:  sys_clk_pin
  To Clock:  sys_clk_pin

Setup :            0  Failing Endpoints,  Worst Slack        5.088ns,  Total Violation        0.000ns
Hold  :            0  Failing Endpoints,  Worst Slack        0.265ns,  Total Violation        0.000ns
PW    :            0  Failing Endpoints,  Worst Slack        4.500ns,  Total Violation        0.000ns
---------------------------------------------------------------------------------------------------


Max Delay Paths
--------------------------------------------------------------------------------------
Slack (MET) :             5.088ns  (required time - arrival time)
  Source:                 Slow_Clock/count_reg[4]/C
                            (rising edge-triggered cell FDRE clocked by sys_clk_pin  {rise@0.000ns fall@5.000ns period=10.000ns})
  Destination:            Slow_Clock/count_reg[29]/R
                            (rising edge-triggered cell FDRE clocked by sys_clk_pin  {rise@0.000ns fall@5.000ns period=10.000ns})
  Path Group:             sys_clk_pin
  Path Type:              Setup (Max at Slow Process Corner)
  Requirement:            10.000ns  (sys_clk_pin rise@10.000ns - sys_clk_pin rise@0.000ns)
  Data Path Delay:        4.321ns  (logic 1.118ns (25.875%)  route 3.203ns (74.125%))
  Logic Levels:           3  (LUT4=2 LUT5=1)
  Clock Path Skew:        -0.032ns (DCD - SCD + CPR)
    Destination Clock Delay (DCD):    4.844ns = ( 14.844 - 10.000 ) 
    Source Clock Delay      (SCD):    5.150ns
    Clock Pessimism Removal (CPR):    0.274ns
  Clock Uncertainty:      0.035ns  ((TSJ^2 + TIJ^2)^1/2 + DJ) / 2 + PE
    Total System Jitter     (TSJ):    0.071ns
    Total Input Jitter      (TIJ):    0.000ns
    Discrete Jitter          (DJ):    0.000ns
    Phase Error              (PE):    0.000ns

    Location             Delay type                Incr(ns)  Path(ns)    Netlist Resource(s)
  -------------------------------------------------------------------    -------------------
                         (clock sys_clk_pin rise edge)
                                                      0.000     0.000 r  
    W5                                                0.000     0.000 r  Clk (IN)
                         net (fo=0)                   0.000     0.000    Clk
    W5                   IBUF (Prop_ibuf_I_O)         1.458     1.458 r  Clk_IBUF_inst/O
                         net (fo=1, routed)           1.967     3.425    Clk_IBUF
    BUFGCTRL_X0Y0        BUFG (Prop_bufg_I_O)         0.096     3.521 r  Clk_IBUF_BUFG_inst/O
                         net (fo=34, routed)          1.629     5.150    Slow_Clock/Clk_IBUF_BUFG
    SLICE_X60Y16         FDRE                                         r  Slow_Clock/count_reg[4]/C
  -------------------------------------------------------------------    -------------------
    SLICE_X60Y16         FDRE (Prop_fdre_C_Q)         0.518     5.668 f  Slow_Clock/count_reg[4]/Q
                         net (fo=2, routed)           0.809     6.478    Slow_Clock/count[4]
    SLICE_X61Y17         LUT4 (Prop_lut4_I1_O)        0.124     6.602 f  Slow_Clock/count[31]_i_7/O
                         net (fo=1, routed)           0.633     7.235    Slow_Clock/count[31]_i_7_n_0
    SLICE_X61Y16         LUT5 (Prop_lut5_I4_O)        0.150     7.385 f  Slow_Clock/count[31]_i_3/O
                         net (fo=3, routed)           0.962     8.347    Slow_Clock/count[31]_i_3_n_0
    SLICE_X59Y19         LUT4 (Prop_lut4_I1_O)        0.326     8.673 r  Slow_Clock/count[31]_i_1/O
                         net (fo=31, routed)          0.798     9.471    Slow_Clock/count[31]_i_1_n_0
    SLICE_X60Y23         FDRE                                         r  Slow_Clock/count_reg[29]/R
  -------------------------------------------------------------------    -------------------

                         (clock sys_clk_pin rise edge)
                                                     10.000    10.000 r  
    W5                                                0.000    10.000 r  Clk (IN)
                         net (fo=0)                   0.000    10.000    Clk
    W5                   IBUF (Prop_ibuf_I_O)         1.388    11.388 r  Clk_IBUF_inst/O
                         net (fo=1, routed)           1.862    13.250    Clk_IBUF
    BUFGCTRL_X0Y0        BUFG (Prop_bufg_I_O)         0.091    13.341 r  Clk_IBUF_BUFG_inst/O
                         net (fo=34, routed)          1.503    14.844    Slow_Clock/Clk_IBUF_BUFG
    SLICE_X60Y23         FDRE                                         r  Slow_Clock/count_reg[29]/C
                         clock pessimism              0.274    15.118    
                         clock uncertainty           -0.035    15.083    
    SLICE_X60Y23         FDRE (Setup_fdre_C_R)       -0.524    14.559    Slow_Clock/count_reg[29]
  -------------------------------------------------------------------
                         required time                         14.559    
                         arrival time                          -9.471    
  -------------------------------------------------------------------
                         slack                                  5.088    

Slack (MET) :             5.088ns  (required time - arrival time)
  Source:                 Slow_Clock/count_reg[4]/C
                            (rising edge-triggered cell FDRE clocked by sys_clk_pin  {rise@0.000ns fall@5.000ns period=10.000ns})
  Destination:            Slow_Clock/count_reg[30]/R
                            (rising edge-triggered cell FDRE clocked by sys_clk_pin  {rise@0.000ns fall@5.000ns period=10.000ns})
  Path Group:             sys_clk_pin
  Path Type:              Setup (Max at Slow Process Corner)
  Requirement:            10.000ns  (sys_clk_pin rise@10.000ns - sys_clk_pin rise@0.000ns)
  Data Path Delay:        4.321ns  (logic 1.118ns (25.875%)  route 3.203ns (74.125%))
  Logic Levels:           3  (LUT4=2 LUT5=1)
  Clock Path Skew:        -0.032ns (DCD - SCD + CPR)
    Destination Clock Delay (DCD):    4.844ns = ( 14.844 - 10.000 ) 
    Source Clock Delay      (SCD):    5.150ns
    Clock Pessimism Removal (CPR):    0.274ns
  Clock Uncertainty:      0.035ns  ((TSJ^2 + TIJ^2)^1/2 + DJ) / 2 + PE
    Total System Jitter     (TSJ):    0.071ns
    Total Input Jitter      (TIJ):    0.000ns
    Discrete Jitter          (DJ):    0.000ns
    Phase Error              (PE):    0.000ns

    Location             Delay type                Incr(ns)  Path(ns)    Netlist Resource(s)
  -------------------------------------------------------------------    -------------------
                         (clock sys_clk_pin rise edge)
                                                      0.000     0.000 r  
    W5                                                0.000     0.000 r  Clk (IN)
                         net (fo=0)                   0.000     0.000    Clk
    W5                   IBUF (Prop_ibuf_I_O)         1.458     1.458 r  Clk_IBUF_inst/O
                         net (fo=1, routed)           1.967     3.425    Clk_IBUF
    BUFGCTRL_X0Y0        BUFG (Prop_bufg_I_O)         0.096     3.521 r  Clk_IBUF_BUFG_inst/O
                         net (fo=34, routed)          1.629     5.150    Slow_Clock/Clk_IBUF_BUFG
    SLICE_X60Y16         FDRE                                         r  Slow_Clock/count_reg[4]/C
  -------------------------------------------------------------------    -------------------
    SLICE_X60Y16         FDRE (Prop_fdre_C_Q)         0.518     5.668 f  Slow_Clock/count_reg[4]/Q
                         net (fo=2, routed)           0.809     6.478    Slow_Clock/count[4]
    SLICE_X61Y17         LUT4 (Prop_lut4_I1_O)        0.124     6.602 f  Slow_Clock/count[31]_i_7/O
                         net (fo=1, routed)           0.633     7.235    Slow_Clock/count[31]_i_7_n_0
    SLICE_X61Y16         LUT5 (Prop_lut5_I4_O)        0.150     7.385 f  Slow_Clock/count[31]_i_3/O
                         net (fo=3, routed)           0.962     8.347    Slow_Clock/count[31]_i_3_n_0
    SLICE_X59Y19         LUT4 (Prop_lut4_I1_O)        0.326     8.673 r  Slow_Clock/count[31]_i_1/O
                         net (fo=31, routed)          0.798     9.471    Slow_Clock/count[31]_i_1_n_0
    SLICE_X60Y23         FDRE                                         r  Slow_Clock/count_reg[30]/R
  -------------------------------------------------------------------    -------------------

                         (clock sys_clk_pin rise edge)
                                                     10.000    10.000 r  
    W5                                                0.000    10.000 r  Clk (IN)
                         net (fo=0)                   0.000    10.000    Clk
    W5                   IBUF (Prop_ibuf_I_O)         1.388    11.388 r  Clk_IBUF_inst/O
                         net (fo=1, routed)           1.862    13.250    Clk_IBUF
    BUFGCTRL_X0Y0        BUFG (Prop_bufg_I_O)         0.091    13.341 r  Clk_IBUF_BUFG_inst/O
                         net (fo=34, routed)          1.503    14.844    Slow_Clock/Clk_IBUF_BUFG
    SLICE_X60Y23         FDRE                                         r  Slow_Clock/count_reg[30]/C
                         clock pessimism              0.274    15.118    
                         clock uncertainty           -0.035    15.083    
    SLICE_X60Y23         FDRE (Setup_fdre_C_R)       -0.524    14.559    Slow_Clock/count_reg[30]
  -------------------------------------------------------------------
                         required time                         14.559    
                         arrival time                          -9.471    
  -------------------------------------------------------------------
                         slack                                  5.088    

Slack (MET) :             5.088ns  (required time - arrival time)
  Source:                 Slow_Clock/count_reg[4]/C
                            (rising edge-triggered cell FDRE clocked by sys_clk_pin  {rise@0.000ns fall@5.000ns period=10.000ns})
  Destination:            Slow_Clock/count_reg[31]/R
                            (rising edge-triggered cell FDRE clocked by sys_clk_pin  {rise@0.000ns fall@5.000ns period=10.000ns})
  Path Group:             sys_clk_pin
  Path Type:              Setup (Max at Slow Process Corner)
  Requirement:            10.000ns  (sys_clk_pin rise@10.000ns - sys_clk_pin rise@0.000ns)
  Data Path Delay:        4.321ns  (logic 1.118ns (25.875%)  route 3.203ns (74.125%))
  Logic Levels:           3  (LUT4=2 LUT5=1)
  Clock Path Skew:        -0.032ns (DCD - SCD + CPR)
    Destination Clock Delay (DCD):    4.844ns = ( 14.844 - 10.000 ) 
    Source Clock Delay      (SCD):    5.150ns
    Clock Pessimism Removal (CPR):    0.274ns
  Clock Uncertainty:      0.035ns  ((TSJ^2 + TIJ^2)^1/2 + DJ) / 2 + PE
    Total System Jitter     (TSJ):    0.071ns
    Total Input Jitter      (TIJ):    0.000ns
    Discrete Jitter          (DJ):    0.000ns
    Phase Error              (PE):    0.000ns

    Location             Delay type                Incr(ns)  Path(ns)    Netlist Resource(s)
  -------------------------------------------------------------------    -------------------
                         (clock sys_clk_pin rise edge)
                                                      0.000     0.000 r  
    W5                                                0.000     0.000 r  Clk (IN)
                         net (fo=0)                   0.000     0.000    Clk
    W5                   IBUF (Prop_ibuf_I_O)         1.458     1.458 r  Clk_IBUF_inst/O
                         net (fo=1, routed)           1.967     3.425    Clk_IBUF
    BUFGCTRL_X0Y0        BUFG (Prop_bufg_I_O)         0.096     3.521 r  Clk_IBUF_BUFG_inst/O
                         net (fo=34, routed)          1.629     5.150    Slow_Clock/Clk_IBUF_BUFG
    SLICE_X60Y16         FDRE                                         r  Slow_Clock/count_reg[4]/C
  -------------------------------------------------------------------    -------------------
    SLICE_X60Y16         FDRE (Prop_fdre_C_Q)         0.518     5.668 f  Slow_Clock/count_reg[4]/Q
                         net (fo=2, routed)           0.809     6.478    Slow_Clock/count[4]
    SLICE_X61Y17         LUT4 (Prop_lut4_I1_O)        0.124     6.602 f  Slow_Clock/count[31]_i_7/O
                         net (fo=1, routed)           0.633     7.235    Slow_Clock/count[31]_i_7_n_0
    SLICE_X61Y16         LUT5 (Prop_lut5_I4_O)        0.150     7.385 f  Slow_Clock/count[31]_i_3/O
                         net (fo=3, routed)           0.962     8.347    Slow_Clock/count[31]_i_3_n_0
    SLICE_X59Y19         LUT4 (Prop_lut4_I1_O)        0.326     8.673 r  Slow_Clock/count[31]_i_1/O
                         net (fo=31, routed)          0.798     9.471    Slow_Clock/count[31]_i_1_n_0
    SLICE_X60Y23         FDRE                                         r  Slow_Clock/count_reg[31]/R
  -------------------------------------------------------------------    -------------------

                         (clock sys_clk_pin rise edge)
                                                     10.000    10.000 r  
    W5                                                0.000    10.000 r  Clk (IN)
                         net (fo=0)                   0.000    10.000    Clk
    W5                   IBUF (Prop_ibuf_I_O)         1.388    11.388 r  Clk_IBUF_inst/O
                         net (fo=1, routed)           1.862    13.250    Clk_IBUF
    BUFGCTRL_X0Y0        BUFG (Prop_bufg_I_O)         0.091    13.341 r  Clk_IBUF_BUFG_inst/O
                         net (fo=34, routed)          1.503    14.844    Slow_Clock/Clk_IBUF_BUFG
    SLICE_X60Y23         FDRE                                         r  Slow_Clock/count_reg[31]/C
                         clock pessimism              0.274    15.118    
                         clock uncertainty           -0.035    15.083    
    SLICE_X60Y23         FDRE (Setup_fdre_C_R)       -0.524    14.559    Slow_Clock/count_reg[31]
  -------------------------------------------------------------------
                         required time                         14.559    
                         arrival time                          -9.471    
  -------------------------------------------------------------------
                         slack                                  5.088    

Slack (MET) :             5.133ns  (required time - arrival time)
  Source:                 Slow_Clock/count_reg[4]/C
                            (rising edge-triggered cell FDRE clocked by sys_clk_pin  {rise@0.000ns fall@5.000ns period=10.000ns})
  Destination:            Slow_Clock/count_reg[10]/R
                            (rising edge-triggered cell FDRE clocked by sys_clk_pin  {rise@0.000ns fall@5.000ns period=10.000ns})
  Path Group:             sys_clk_pin
  Path Type:              Setup (Max at Slow Process Corner)
  Requirement:            10.000ns  (sys_clk_pin rise@10.000ns - sys_clk_pin rise@0.000ns)
  Data Path Delay:        4.281ns  (logic 1.118ns (26.118%)  route 3.163ns (73.882%))
  Logic Levels:           3  (LUT4=2 LUT5=1)
  Clock Path Skew:        -0.027ns (DCD - SCD + CPR)
    Destination Clock Delay (DCD):    4.849ns = ( 14.849 - 10.000 ) 
    Source Clock Delay      (SCD):    5.150ns
    Clock Pessimism Removal (CPR):    0.274ns
  Clock Uncertainty:      0.035ns  ((TSJ^2 + TIJ^2)^1/2 + DJ) / 2 + PE
    Total System Jitter     (TSJ):    0.071ns
    Total Input Jitter      (TIJ):    0.000ns
    Discrete Jitter          (DJ):    0.000ns
    Phase Error              (PE):    0.000ns

    Location             Delay type                Incr(ns)  Path(ns)    Netlist Resource(s)
  -------------------------------------------------------------------    -------------------
                         (clock sys_clk_pin rise edge)
                                                      0.000     0.000 r  
    W5                                                0.000     0.000 r  Clk (IN)
                         net (fo=0)                   0.000     0.000    Clk
    W5                   IBUF (Prop_ibuf_I_O)         1.458     1.458 r  Clk_IBUF_inst/O
                         net (fo=1, routed)           1.967     3.425    Clk_IBUF
    BUFGCTRL_X0Y0        BUFG (Prop_bufg_I_O)         0.096     3.521 r  Clk_IBUF_BUFG_inst/O
                         net (fo=34, routed)          1.629     5.150    Slow_Clock/Clk_IBUF_BUFG
    SLICE_X60Y16         FDRE                                         r  Slow_Clock/count_reg[4]/C
  -------------------------------------------------------------------    -------------------
    SLICE_X60Y16         FDRE (Prop_fdre_C_Q)         0.518     5.668 f  Slow_Clock/count_reg[4]/Q
                         net (fo=2, routed)           0.809     6.478    Slow_Clock/count[4]
    SLICE_X61Y17         LUT4 (Prop_lut4_I1_O)        0.124     6.602 f  Slow_Clock/count[31]_i_7/O
                         net (fo=1, routed)           0.633     7.235    Slow_Clock/count[31]_i_7_n_0
    SLICE_X61Y16         LUT5 (Prop_lut5_I4_O)        0.150     7.385 f  Slow_Clock/count[31]_i_3/O
                         net (fo=3, routed)           0.962     8.347    Slow_Clock/count[31]_i_3_n_0
    SLICE_X59Y19         LUT4 (Prop_lut4_I1_O)        0.326     8.673 r  Slow_Clock/count[31]_i_1/O
                         net (fo=31, routed)          0.758     9.431    Slow_Clock/count[31]_i_1_n_0
    SLICE_X60Y18         FDRE                                         r  Slow_Clock/count_reg[10]/R
  -------------------------------------------------------------------    -------------------

                         (clock sys_clk_pin rise edge)
                                                     10.000    10.000 r  
    W5                                                0.000    10.000 r  Clk (IN)
                         net (fo=0)                   0.000    10.000    Clk
    W5                   IBUF (Prop_ibuf_I_O)         1.388    11.388 r  Clk_IBUF_inst/O
                         net (fo=1, routed)           1.862    13.250    Clk_IBUF
    BUFGCTRL_X0Y0        BUFG (Prop_bufg_I_O)         0.091    13.341 r  Clk_IBUF_BUFG_inst/O
                         net (fo=34, routed)          1.508    14.849    Slow_Clock/Clk_IBUF_BUFG
    SLICE_X60Y18         FDRE                                         r  Slow_Clock/count_reg[10]/C
                         clock pessimism              0.274    15.123    
                         clock uncertainty           -0.035    15.088    
    SLICE_X60Y18         FDRE (Setup_fdre_C_R)       -0.524    14.564    Slow_Clock/count_reg[10]
  -------------------------------------------------------------------
                         required time                         14.564    
                         arrival time                          -9.431    
  -------------------------------------------------------------------
                         slack                                  5.133    

Slack (MET) :             5.133ns  (required time - arrival time)
  Source:                 Slow_Clock/count_reg[4]/C
                            (rising edge-triggered cell FDRE clocked by sys_clk_pin  {rise@0.000ns fall@5.000ns period=10.000ns})
  Destination:            Slow_Clock/count_reg[11]/R
                            (rising edge-triggered cell FDRE clocked by sys_clk_pin  {rise@0.000ns fall@5.000ns period=10.000ns})
  Path Group:             sys_clk_pin
  Path Type:              Setup (Max at Slow Process Corner)
  Requirement:            10.000ns  (sys_clk_pin rise@10.000ns - sys_clk_pin rise@0.000ns)
  Data Path Delay:        4.281ns  (logic 1.118ns (26.118%)  route 3.163ns (73.882%))
  Logic Levels:           3  (LUT4=2 LUT5=1)
  Clock Path Skew:        -0.027ns (DCD - SCD + CPR)
    Destination Clock Delay (DCD):    4.849ns = ( 14.849 - 10.000 ) 
    Source Clock Delay      (SCD):    5.150ns
    Clock Pessimism Removal (CPR):    0.274ns
  Clock Uncertainty:      0.035ns  ((TSJ^2 + TIJ^2)^1/2 + DJ) / 2 + PE
    Total System Jitter     (TSJ):    0.071ns
    Total Input Jitter      (TIJ):    0.000ns
    Discrete Jitter          (DJ):    0.000ns
    Phase Error              (PE):    0.000ns

    Location             Delay type                Incr(ns)  Path(ns)    Netlist Resource(s)
  -------------------------------------------------------------------    -------------------
                         (clock sys_clk_pin rise edge)
                                                      0.000     0.000 r  
    W5                                                0.000     0.000 r  Clk (IN)
                         net (fo=0)                   0.000     0.000    Clk
    W5                   IBUF (Prop_ibuf_I_O)         1.458     1.458 r  Clk_IBUF_inst/O
                         net (fo=1, routed)           1.967     3.425    Clk_IBUF
    BUFGCTRL_X0Y0        BUFG (Prop_bufg_I_O)         0.096     3.521 r  Clk_IBUF_BUFG_inst/O
                         net (fo=34, routed)          1.629     5.150    Slow_Clock/Clk_IBUF_BUFG
    SLICE_X60Y16         FDRE                                         r  Slow_Clock/count_reg[4]/C
  -------------------------------------------------------------------    -------------------
    SLICE_X60Y16         FDRE (Prop_fdre_C_Q)         0.518     5.668 f  Slow_Clock/count_reg[4]/Q
                         net (fo=2, routed)           0.809     6.478    Slow_Clock/count[4]
    SLICE_X61Y17         LUT4 (Prop_lut4_I1_O)        0.124     6.602 f  Slow_Clock/count[31]_i_7/O
                         net (fo=1, routed)           0.633     7.235    Slow_Clock/count[31]_i_7_n_0
    SLICE_X61Y16         LUT5 (Prop_lut5_I4_O)        0.150     7.385 f  Slow_Clock/count[31]_i_3/O
                         net (fo=3, routed)           0.962     8.347    Slow_Clock/count[31]_i_3_n_0
    SLICE_X59Y19         LUT4 (Prop_lut4_I1_O)        0.326     8.673 r  Slow_Clock/count[31]_i_1/O
                         net (fo=31, routed)          0.758     9.431    Slow_Clock/count[31]_i_1_n_0
    SLICE_X60Y18         FDRE                                         r  Slow_Clock/count_reg[11]/R
  -------------------------------------------------------------------    -------------------

                         (clock sys_clk_pin rise edge)
                                                     10.000    10.000 r  
    W5                                                0.000    10.000 r  Clk (IN)
                         net (fo=0)                   0.000    10.000    Clk
    W5                   IBUF (Prop_ibuf_I_O)         1.388    11.388 r  Clk_IBUF_inst/O
                         net (fo=1, routed)           1.862    13.250    Clk_IBUF
    BUFGCTRL_X0Y0        BUFG (Prop_bufg_I_O)         0.091    13.341 r  Clk_IBUF_BUFG_inst/O
                         net (fo=34, routed)          1.508    14.849    Slow_Clock/Clk_IBUF_BUFG
    SLICE_X60Y18         FDRE                                         r  Slow_Clock/count_reg[11]/C
                         clock pessimism              0.274    15.123    
                         clock uncertainty           -0.035    15.088    
    SLICE_X60Y18         FDRE (Setup_fdre_C_R)       -0.524    14.564    Slow_Clock/count_reg[11]
  -------------------------------------------------------------------
                         required time                         14.564    
                         arrival time                          -9.431    
  -------------------------------------------------------------------
                         slack                                  5.133    

Slack (MET) :             5.133ns  (required time - arrival time)
  Source:                 Slow_Clock/count_reg[4]/C
                            (rising edge-triggered cell FDRE clocked by sys_clk_pin  {rise@0.000ns fall@5.000ns period=10.000ns})
  Destination:            Slow_Clock/count_reg[12]/R
                            (rising edge-triggered cell FDRE clocked by sys_clk_pin  {rise@0.000ns fall@5.000ns period=10.000ns})
  Path Group:             sys_clk_pin
  Path Type:              Setup (Max at Slow Process Corner)
  Requirement:            10.000ns  (sys_clk_pin rise@10.000ns - sys_clk_pin rise@0.000ns)
  Data Path Delay:        4.281ns  (logic 1.118ns (26.118%)  route 3.163ns (73.882%))
  Logic Levels:           3  (LUT4=2 LUT5=1)
  Clock Path Skew:        -0.027ns (DCD - SCD + CPR)
    Destination Clock Delay (DCD):    4.849ns = ( 14.849 - 10.000 ) 
    Source Clock Delay      (SCD):    5.150ns
    Clock Pessimism Removal (CPR):    0.274ns
  Clock Uncertainty:      0.035ns  ((TSJ^2 + TIJ^2)^1/2 + DJ) / 2 + PE
    Total System Jitter     (TSJ):    0.071ns
    Total Input Jitter      (TIJ):    0.000ns
    Discrete Jitter          (DJ):    0.000ns
    Phase Error              (PE):    0.000ns

    Location             Delay type                Incr(ns)  Path(ns)    Netlist Resource(s)
  -------------------------------------------------------------------    -------------------
                         (clock sys_clk_pin rise edge)
                                                      0.000     0.000 r  
    W5                                                0.000     0.000 r  Clk (IN)
                         net (fo=0)                   0.000     0.000    Clk
    W5                   IBUF (Prop_ibuf_I_O)         1.458     1.458 r  Clk_IBUF_inst/O
                         net (fo=1, routed)           1.967     3.425    Clk_IBUF
    BUFGCTRL_X0Y0        BUFG (Prop_bufg_I_O)         0.096     3.521 r  Clk_IBUF_BUFG_inst/O
                         net (fo=34, routed)          1.629     5.150    Slow_Clock/Clk_IBUF_BUFG
    SLICE_X60Y16         FDRE                                         r  Slow_Clock/count_reg[4]/C
  -------------------------------------------------------------------    -------------------
    SLICE_X60Y16         FDRE (Prop_fdre_C_Q)         0.518     5.668 f  Slow_Clock/count_reg[4]/Q
                         net (fo=2, routed)           0.809     6.478    Slow_Clock/count[4]
    SLICE_X61Y17         LUT4 (Prop_lut4_I1_O)        0.124     6.602 f  Slow_Clock/count[31]_i_7/O
                         net (fo=1, routed)           0.633     7.235    Slow_Clock/count[31]_i_7_n_0
    SLICE_X61Y16         LUT5 (Prop_lut5_I4_O)        0.150     7.385 f  Slow_Clock/count[31]_i_3/O
                         net (fo=3, routed)           0.962     8.347    Slow_Clock/count[31]_i_3_n_0
    SLICE_X59Y19         LUT4 (Prop_lut4_I1_O)        0.326     8.673 r  Slow_Clock/count[31]_i_1/O
                         net (fo=31, routed)          0.758     9.431    Slow_Clock/count[31]_i_1_n_0
    SLICE_X60Y18         FDRE                                         r  Slow_Clock/count_reg[12]/R
  -------------------------------------------------------------------    -------------------

                         (clock sys_clk_pin rise edge)
                                                     10.000    10.000 r  
    W5                                                0.000    10.000 r  Clk (IN)
                         net (fo=0)                   0.000    10.000    Clk
    W5                   IBUF (Prop_ibuf_I_O)         1.388    11.388 r  Clk_IBUF_inst/O
                         net (fo=1, routed)           1.862    13.250    Clk_IBUF
    BUFGCTRL_X0Y0        BUFG (Prop_bufg_I_O)         0.091    13.341 r  Clk_IBUF_BUFG_inst/O
                         net (fo=34, routed)          1.508    14.849    Slow_Clock/Clk_IBUF_BUFG
    SLICE_X60Y18         FDRE                                         r  Slow_Clock/count_reg[12]/C
                         clock pessimism              0.274    15.123    
                         clock uncertainty           -0.035    15.088    
    SLICE_X60Y18         FDRE (Setup_fdre_C_R)       -0.524    14.564    Slow_Clock/count_reg[12]
  -------------------------------------------------------------------
                         required time                         14.564    
                         arrival time                          -9.431    
  -------------------------------------------------------------------
                         slack                                  5.133    

Slack (MET) :             5.133ns  (required time - arrival time)
  Source:                 Slow_Clock/count_reg[4]/C
                            (rising edge-triggered cell FDRE clocked by sys_clk_pin  {rise@0.000ns fall@5.000ns period=10.000ns})
  Destination:            Slow_Clock/count_reg[9]/R
                            (rising edge-triggered cell FDRE clocked by sys_clk_pin  {rise@0.000ns fall@5.000ns period=10.000ns})
  Path Group:             sys_clk_pin
  Path Type:              Setup (Max at Slow Process Corner)
  Requirement:            10.000ns  (sys_clk_pin rise@10.000ns - sys_clk_pin rise@0.000ns)
  Data Path Delay:        4.281ns  (logic 1.118ns (26.118%)  route 3.163ns (73.882%))
  Logic Levels:           3  (LUT4=2 LUT5=1)
  Clock Path Skew:        -0.027ns (DCD - SCD + CPR)
    Destination Clock Delay (DCD):    4.849ns = ( 14.849 - 10.000 ) 
    Source Clock Delay      (SCD):    5.150ns
    Clock Pessimism Removal (CPR):    0.274ns
  Clock Uncertainty:      0.035ns  ((TSJ^2 + TIJ^2)^1/2 + DJ) / 2 + PE
    Total System Jitter     (TSJ):    0.071ns
    Total Input Jitter      (TIJ):    0.000ns
    Discrete Jitter          (DJ):    0.000ns
    Phase Error              (PE):    0.000ns

    Location             Delay type                Incr(ns)  Path(ns)    Netlist Resource(s)
  -------------------------------------------------------------------    -------------------
                         (clock sys_clk_pin rise edge)
                                                      0.000     0.000 r  
    W5                                                0.000     0.000 r  Clk (IN)
                         net (fo=0)                   0.000     0.000    Clk
    W5                   IBUF (Prop_ibuf_I_O)         1.458     1.458 r  Clk_IBUF_inst/O
                         net (fo=1, routed)           1.967     3.425    Clk_IBUF
    BUFGCTRL_X0Y0        BUFG (Prop_bufg_I_O)         0.096     3.521 r  Clk_IBUF_BUFG_inst/O
                         net (fo=34, routed)          1.629     5.150    Slow_Clock/Clk_IBUF_BUFG
    SLICE_X60Y16         FDRE                                         r  Slow_Clock/count_reg[4]/C
  -------------------------------------------------------------------    -------------------
    SLICE_X60Y16         FDRE (Prop_fdre_C_Q)         0.518     5.668 f  Slow_Clock/count_reg[4]/Q
                         net (fo=2, routed)           0.809     6.478    Slow_Clock/count[4]
    SLICE_X61Y17         LUT4 (Prop_lut4_I1_O)        0.124     6.602 f  Slow_Clock/count[31]_i_7/O
                         net (fo=1, routed)           0.633     7.235    Slow_Clock/count[31]_i_7_n_0
    SLICE_X61Y16         LUT5 (Prop_lut5_I4_O)        0.150     7.385 f  Slow_Clock/count[31]_i_3/O
                         net (fo=3, routed)           0.962     8.347    Slow_Clock/count[31]_i_3_n_0
    SLICE_X59Y19         LUT4 (Prop_lut4_I1_O)        0.326     8.673 r  Slow_Clock/count[31]_i_1/O
                         net (fo=31, routed)          0.758     9.431    Slow_Clock/count[31]_i_1_n_0
    SLICE_X60Y18         FDRE                                         r  Slow_Clock/count_reg[9]/R
  -------------------------------------------------------------------    -------------------

                         (clock sys_clk_pin rise edge)
                                                     10.000    10.000 r  
    W5                                                0.000    10.000 r  Clk (IN)
                         net (fo=0)                   0.000    10.000    Clk
    W5                   IBUF (Prop_ibuf_I_O)         1.388    11.388 r  Clk_IBUF_inst/O
                         net (fo=1, routed)           1.862    13.250    Clk_IBUF
    BUFGCTRL_X0Y0        BUFG (Prop_bufg_I_O)         0.091    13.341 r  Clk_IBUF_BUFG_inst/O
                         net (fo=34, routed)          1.508    14.849    Slow_Clock/Clk_IBUF_BUFG
    SLICE_X60Y18         FDRE                                         r  Slow_Clock/count_reg[9]/C
                         clock pessimism              0.274    15.123    
                         clock uncertainty           -0.035    15.088    
    SLICE_X60Y18         FDRE (Setup_fdre_C_R)       -0.524    14.564    Slow_Clock/count_reg[9]
  -------------------------------------------------------------------
                         required time                         14.564    
                         arrival time                          -9.431    
  -------------------------------------------------------------------
                         slack                                  5.133    

Slack (MET) :             5.199ns  (required time - arrival time)
  Source:                 Slow_Clock/count_reg[4]/C
                            (rising edge-triggered cell FDRE clocked by sys_clk_pin  {rise@0.000ns fall@5.000ns period=10.000ns})
  Destination:            Slow_Clock/count_reg[1]/R
                            (rising edge-triggered cell FDRE clocked by sys_clk_pin  {rise@0.000ns fall@5.000ns period=10.000ns})
  Path Group:             sys_clk_pin
  Path Type:              Setup (Max at Slow Process Corner)
  Requirement:            10.000ns  (sys_clk_pin rise@10.000ns - sys_clk_pin rise@0.000ns)
  Data Path Delay:        4.241ns  (logic 1.118ns (26.359%)  route 3.123ns (73.641%))
  Logic Levels:           3  (LUT4=2 LUT5=1)
  Clock Path Skew:        0.000ns (DCD - SCD + CPR)
    Destination Clock Delay (DCD):    4.852ns = ( 14.852 - 10.000 ) 
    Source Clock Delay      (SCD):    5.150ns
    Clock Pessimism Removal (CPR):    0.298ns
  Clock Uncertainty:      0.035ns  ((TSJ^2 + TIJ^2)^1/2 + DJ) / 2 + PE
    Total System Jitter     (TSJ):    0.071ns
    Total Input Jitter      (TIJ):    0.000ns
    Discrete Jitter          (DJ):    0.000ns
    Phase Error              (PE):    0.000ns

    Location             Delay type                Incr(ns)  Path(ns)    Netlist Resource(s)
  -------------------------------------------------------------------    -------------------
                         (clock sys_clk_pin rise edge)
                                                      0.000     0.000 r  
    W5                                                0.000     0.000 r  Clk (IN)
                         net (fo=0)                   0.000     0.000    Clk
    W5                   IBUF (Prop_ibuf_I_O)         1.458     1.458 r  Clk_IBUF_inst/O
                         net (fo=1, routed)           1.967     3.425    Clk_IBUF
    BUFGCTRL_X0Y0        BUFG (Prop_bufg_I_O)         0.096     3.521 r  Clk_IBUF_BUFG_inst/O
                         net (fo=34, routed)          1.629     5.150    Slow_Clock/Clk_IBUF_BUFG
    SLICE_X60Y16         FDRE                                         r  Slow_Clock/count_reg[4]/C
  -------------------------------------------------------------------    -------------------
    SLICE_X60Y16         FDRE (Prop_fdre_C_Q)         0.518     5.668 f  Slow_Clock/count_reg[4]/Q
                         net (fo=2, routed)           0.809     6.478    Slow_Clock/count[4]
    SLICE_X61Y17         LUT4 (Prop_lut4_I1_O)        0.124     6.602 f  Slow_Clock/count[31]_i_7/O
                         net (fo=1, routed)           0.633     7.235    Slow_Clock/count[31]_i_7_n_0
    SLICE_X61Y16         LUT5 (Prop_lut5_I4_O)        0.150     7.385 f  Slow_Clock/count[31]_i_3/O
                         net (fo=3, routed)           0.962     8.347    Slow_Clock/count[31]_i_3_n_0
    SLICE_X59Y19         LUT4 (Prop_lut4_I1_O)        0.326     8.673 r  Slow_Clock/count[31]_i_1/O
                         net (fo=31, routed)          0.719     9.392    Slow_Clock/count[31]_i_1_n_0
    SLICE_X60Y16         FDRE                                         r  Slow_Clock/count_reg[1]/R
  -------------------------------------------------------------------    -------------------

                         (clock sys_clk_pin rise edge)
                                                     10.000    10.000 r  
    W5                                                0.000    10.000 r  Clk (IN)
                         net (fo=0)                   0.000    10.000    Clk
    W5                   IBUF (Prop_ibuf_I_O)         1.388    11.388 r  Clk_IBUF_inst/O
                         net (fo=1, routed)           1.862    13.250    Clk_IBUF
    BUFGCTRL_X0Y0        BUFG (Prop_bufg_I_O)         0.091    13.341 r  Clk_IBUF_BUFG_inst/O
                         net (fo=34, routed)          1.511    14.852    Slow_Clock/Clk_IBUF_BUFG
    SLICE_X60Y16         FDRE                                         r  Slow_Clock/count_reg[1]/C
                         clock pessimism              0.298    15.150    
                         clock uncertainty           -0.035    15.115    
    SLICE_X60Y16         FDRE (Setup_fdre_C_R)       -0.524    14.591    Slow_Clock/count_reg[1]
  -------------------------------------------------------------------
                         required time                         14.591    
                         arrival time                          -9.392    
  -------------------------------------------------------------------
                         slack                                  5.199    

Slack (MET) :             5.199ns  (required time - arrival time)
  Source:                 Slow_Clock/count_reg[4]/C
                            (rising edge-triggered cell FDRE clocked by sys_clk_pin  {rise@0.000ns fall@5.000ns period=10.000ns})
  Destination:            Slow_Clock/count_reg[2]/R
                            (rising edge-triggered cell FDRE clocked by sys_clk_pin  {rise@0.000ns fall@5.000ns period=10.000ns})
  Path Group:             sys_clk_pin
  Path Type:              Setup (Max at Slow Process Corner)
  Requirement:            10.000ns  (sys_clk_pin rise@10.000ns - sys_clk_pin rise@0.000ns)
  Data Path Delay:        4.241ns  (logic 1.118ns (26.359%)  route 3.123ns (73.641%))
  Logic Levels:           3  (LUT4=2 LUT5=1)
  Clock Path Skew:        0.000ns (DCD - SCD + CPR)
    Destination Clock Delay (DCD):    4.852ns = ( 14.852 - 10.000 ) 
    Source Clock Delay      (SCD):    5.150ns
    Clock Pessimism Removal (CPR):    0.298ns
  Clock Uncertainty:      0.035ns  ((TSJ^2 + TIJ^2)^1/2 + DJ) / 2 + PE
    Total System Jitter     (TSJ):    0.071ns
    Total Input Jitter      (TIJ):    0.000ns
    Discrete Jitter          (DJ):    0.000ns
    Phase Error              (PE):    0.000ns

    Location             Delay type                Incr(ns)  Path(ns)    Netlist Resource(s)
  -------------------------------------------------------------------    -------------------
                         (clock sys_clk_pin rise edge)
                                                      0.000     0.000 r  
    W5                                                0.000     0.000 r  Clk (IN)
                         net (fo=0)                   0.000     0.000    Clk
    W5                   IBUF (Prop_ibuf_I_O)         1.458     1.458 r  Clk_IBUF_inst/O
                         net (fo=1, routed)           1.967     3.425    Clk_IBUF
    BUFGCTRL_X0Y0        BUFG (Prop_bufg_I_O)         0.096     3.521 r  Clk_IBUF_BUFG_inst/O
                         net (fo=34, routed)          1.629     5.150    Slow_Clock/Clk_IBUF_BUFG
    SLICE_X60Y16         FDRE                                         r  Slow_Clock/count_reg[4]/C
  -------------------------------------------------------------------    -------------------
    SLICE_X60Y16         FDRE (Prop_fdre_C_Q)         0.518     5.668 f  Slow_Clock/count_reg[4]/Q
                         net (fo=2, routed)           0.809     6.478    Slow_Clock/count[4]
    SLICE_X61Y17         LUT4 (Prop_lut4_I1_O)        0.124     6.602 f  Slow_Clock/count[31]_i_7/O
                         net (fo=1, routed)           0.633     7.235    Slow_Clock/count[31]_i_7_n_0
    SLICE_X61Y16         LUT5 (Prop_lut5_I4_O)        0.150     7.385 f  Slow_Clock/count[31]_i_3/O
                         net (fo=3, routed)           0.962     8.347    Slow_Clock/count[31]_i_3_n_0
    SLICE_X59Y19         LUT4 (Prop_lut4_I1_O)        0.326     8.673 r  Slow_Clock/count[31]_i_1/O
                         net (fo=31, routed)          0.719     9.392    Slow_Clock/count[31]_i_1_n_0
    SLICE_X60Y16         FDRE                                         r  Slow_Clock/count_reg[2]/R
  -------------------------------------------------------------------    -------------------

                         (clock sys_clk_pin rise edge)
                                                     10.000    10.000 r  
    W5                                                0.000    10.000 r  Clk (IN)
                         net (fo=0)                   0.000    10.000    Clk
    W5                   IBUF (Prop_ibuf_I_O)         1.388    11.388 r  Clk_IBUF_inst/O
                         net (fo=1, routed)           1.862    13.250    Clk_IBUF
    BUFGCTRL_X0Y0        BUFG (Prop_bufg_I_O)         0.091    13.341 r  Clk_IBUF_BUFG_inst/O
                         net (fo=34, routed)          1.511    14.852    Slow_Clock/Clk_IBUF_BUFG
    SLICE_X60Y16         FDRE                                         r  Slow_Clock/count_reg[2]/C
                         clock pessimism              0.298    15.150    
                         clock uncertainty           -0.035    15.115    
    SLICE_X60Y16         FDRE (Setup_fdre_C_R)       -0.524    14.591    Slow_Clock/count_reg[2]
  -------------------------------------------------------------------
                         required time                         14.591    
                         arrival time                          -9.392    
  -------------------------------------------------------------------
                         slack                                  5.199    

Slack (MET) :             5.199ns  (required time - arrival time)
  Source:                 Slow_Clock/count_reg[4]/C
                            (rising edge-triggered cell FDRE clocked by sys_clk_pin  {rise@0.000ns fall@5.000ns period=10.000ns})
  Destination:            Slow_Clock/count_reg[3]/R
                            (rising edge-triggered cell FDRE clocked by sys_clk_pin  {rise@0.000ns fall@5.000ns period=10.000ns})
  Path Group:             sys_clk_pin
  Path Type:              Setup (Max at Slow Process Corner)
  Requirement:            10.000ns  (sys_clk_pin rise@10.000ns - sys_clk_pin rise@0.000ns)
  Data Path Delay:        4.241ns  (logic 1.118ns (26.359%)  route 3.123ns (73.641%))
  Logic Levels:           3  (LUT4=2 LUT5=1)
  Clock Path Skew:        0.000ns (DCD - SCD + CPR)
    Destination Clock Delay (DCD):    4.852ns = ( 14.852 - 10.000 ) 
    Source Clock Delay      (SCD):    5.150ns
    Clock Pessimism Removal (CPR):    0.298ns
  Clock Uncertainty:      0.035ns  ((TSJ^2 + TIJ^2)^1/2 + DJ) / 2 + PE
    Total System Jitter     (TSJ):    0.071ns
    Total Input Jitter      (TIJ):    0.000ns
    Discrete Jitter          (DJ):    0.000ns
    Phase Error              (PE):    0.000ns

    Location             Delay type                Incr(ns)  Path(ns)    Netlist Resource(s)
  -------------------------------------------------------------------    -------------------
                         (clock sys_clk_pin rise edge)
                                                      0.000     0.000 r  
    W5                                                0.000     0.000 r  Clk (IN)
                         net (fo=0)                   0.000     0.000    Clk
    W5                   IBUF (Prop_ibuf_I_O)         1.458     1.458 r  Clk_IBUF_inst/O
                         net (fo=1, routed)           1.967     3.425    Clk_IBUF
    BUFGCTRL_X0Y0        BUFG (Prop_bufg_I_O)         0.096     3.521 r  Clk_IBUF_BUFG_inst/O
                         net (fo=34, routed)          1.629     5.150    Slow_Clock/Clk_IBUF_BUFG
    SLICE_X60Y16         FDRE                                         r  Slow_Clock/count_reg[4]/C
  -------------------------------------------------------------------    -------------------
    SLICE_X60Y16         FDRE (Prop_fdre_C_Q)         0.518     5.668 f  Slow_Clock/count_reg[4]/Q
                         net (fo=2, routed)           0.809     6.478    Slow_Clock/count[4]
    SLICE_X61Y17         LUT4 (Prop_lut4_I1_O)        0.124     6.602 f  Slow_Clock/count[31]_i_7/O
                         net (fo=1, routed)           0.633     7.235    Slow_Clock/count[31]_i_7_n_0
    SLICE_X61Y16         LUT5 (Prop_lut5_I4_O)        0.150     7.385 f  Slow_Clock/count[31]_i_3/O
                         net (fo=3, routed)           0.962     8.347    Slow_Clock/count[31]_i_3_n_0
    SLICE_X59Y19         LUT4 (Prop_lut4_I1_O)        0.326     8.673 r  Slow_Clock/count[31]_i_1/O
                         net (fo=31, routed)          0.719     9.392    Slow_Clock/count[31]_i_1_n_0
    SLICE_X60Y16         FDRE                                         r  Slow_Clock/count_reg[3]/R
  -------------------------------------------------------------------    -------------------

                         (clock sys_clk_pin rise edge)
                                                     10.000    10.000 r  
    W5                                                0.000    10.000 r  Clk (IN)
                         net (fo=0)                   0.000    10.000    Clk
    W5                   IBUF (Prop_ibuf_I_O)         1.388    11.388 r  Clk_IBUF_inst/O
                         net (fo=1, routed)           1.862    13.250    Clk_IBUF
    BUFGCTRL_X0Y0        BUFG (Prop_bufg_I_O)         0.091    13.341 r  Clk_IBUF_BUFG_inst/O
                         net (fo=34, routed)          1.511    14.852    Slow_Clock/Clk_IBUF_BUFG
    SLICE_X60Y16         FDRE                                         r  Slow_Clock/count_reg[3]/C
                         clock pessimism              0.298    15.150    
                         clock uncertainty           -0.035    15.115    
    SLICE_X60Y16         FDRE (Setup_fdre_C_R)       -0.524    14.591    Slow_Clock/count_reg[3]
  -------------------------------------------------------------------
                         required time                         14.591    
                         arrival time                          -9.392    
  -------------------------------------------------------------------
                         slack                                  5.199    





Min Delay Paths
--------------------------------------------------------------------------------------
Slack (MET) :             0.265ns  (arrival time - required time)
  Source:                 Slow_Clock/count_reg[23]/C
                            (rising edge-triggered cell FDRE clocked by sys_clk_pin  {rise@0.000ns fall@5.000ns period=10.000ns})
  Destination:            Slow_Clock/count_reg[23]/D
                            (rising edge-triggered cell FDRE clocked by sys_clk_pin  {rise@0.000ns fall@5.000ns period=10.000ns})
  Path Group:             sys_clk_pin
  Path Type:              Hold (Min at Fast Process Corner)
  Requirement:            0.000ns  (sys_clk_pin rise@0.000ns - sys_clk_pin rise@0.000ns)
  Data Path Delay:        0.399ns  (logic 0.274ns (68.589%)  route 0.125ns (31.411%))
  Logic Levels:           1  (CARRY4=1)
  Clock Path Skew:        0.000ns (DCD - SCD - CPR)
    Destination Clock Delay (DCD):    1.979ns
    Source Clock Delay      (SCD):    1.467ns
    Clock Pessimism Removal (CPR):    0.512ns

    Location             Delay type                Incr(ns)  Path(ns)    Netlist Resource(s)
  -------------------------------------------------------------------    -------------------
                         (clock sys_clk_pin rise edge)
                                                      0.000     0.000 r  
    W5                                                0.000     0.000 r  Clk (IN)
                         net (fo=0)                   0.000     0.000    Clk
    W5                   IBUF (Prop_ibuf_I_O)         0.226     0.226 r  Clk_IBUF_inst/O
                         net (fo=1, routed)           0.631     0.858    Clk_IBUF
    BUFGCTRL_X0Y0        BUFG (Prop_bufg_I_O)         0.026     0.884 r  Clk_IBUF_BUFG_inst/O
                         net (fo=34, routed)          0.584     1.467    Slow_Clock/Clk_IBUF_BUFG
    SLICE_X60Y21         FDRE                                         r  Slow_Clock/count_reg[23]/C
  -------------------------------------------------------------------    -------------------
    SLICE_X60Y21         FDRE (Prop_fdre_C_Q)         0.164     1.631 r  Slow_Clock/count_reg[23]/Q
                         net (fo=2, routed)           0.125     1.757    Slow_Clock/count[23]
    SLICE_X60Y21         CARRY4 (Prop_carry4_S[2]_O[2])
                                                      0.110     1.867 r  Slow_Clock/count0_carry__4/O[2]
                         net (fo=1, routed)           0.000     1.867    Slow_Clock/data0[23]
    SLICE_X60Y21         FDRE                                         r  Slow_Clock/count_reg[23]/D
  -------------------------------------------------------------------    -------------------

                         (clock sys_clk_pin rise edge)
                                                      0.000     0.000 r  
    W5                                                0.000     0.000 r  Clk (IN)
                         net (fo=0)                   0.000     0.000    Clk
    W5                   IBUF (Prop_ibuf_I_O)         0.414     0.414 r  Clk_IBUF_inst/O
                         net (fo=1, routed)           0.685     1.099    Clk_IBUF
    BUFGCTRL_X0Y0        BUFG (Prop_bufg_I_O)         0.029     1.128 r  Clk_IBUF_BUFG_inst/O
                         net (fo=34, routed)          0.852     1.979    Slow_Clock/Clk_IBUF_BUFG
    SLICE_X60Y21         FDRE                                         r  Slow_Clock/count_reg[23]/C
                         clock pessimism             -0.512     1.467    
    SLICE_X60Y21         FDRE (Hold_fdre_C_D)         0.134     1.601    Slow_Clock/count_reg[23]
  -------------------------------------------------------------------
                         required time                         -1.601    
                         arrival time                           1.867    
  -------------------------------------------------------------------
                         slack                                  0.265    

Slack (MET) :             0.265ns  (arrival time - required time)
  Source:                 Slow_Clock/count_reg[11]/C
                            (rising edge-triggered cell FDRE clocked by sys_clk_pin  {rise@0.000ns fall@5.000ns period=10.000ns})
  Destination:            Slow_Clock/count_reg[11]/D
                            (rising edge-triggered cell FDRE clocked by sys_clk_pin  {rise@0.000ns fall@5.000ns period=10.000ns})
  Path Group:             sys_clk_pin
  Path Type:              Hold (Min at Fast Process Corner)
  Requirement:            0.000ns  (sys_clk_pin rise@0.000ns - sys_clk_pin rise@0.000ns)
  Data Path Delay:        0.399ns  (logic 0.274ns (68.589%)  route 0.125ns (31.411%))
  Logic Levels:           1  (CARRY4=1)
  Clock Path Skew:        0.000ns (DCD - SCD - CPR)
    Destination Clock Delay (DCD):    1.982ns
    Source Clock Delay      (SCD):    1.470ns
    Clock Pessimism Removal (CPR):    0.512ns

    Location             Delay type                Incr(ns)  Path(ns)    Netlist Resource(s)
  -------------------------------------------------------------------    -------------------
                         (clock sys_clk_pin rise edge)
                                                      0.000     0.000 r  
    W5                                                0.000     0.000 r  Clk (IN)
                         net (fo=0)                   0.000     0.000    Clk
    W5                   IBUF (Prop_ibuf_I_O)         0.226     0.226 r  Clk_IBUF_inst/O
                         net (fo=1, routed)           0.631     0.858    Clk_IBUF
    BUFGCTRL_X0Y0        BUFG (Prop_bufg_I_O)         0.026     0.884 r  Clk_IBUF_BUFG_inst/O
                         net (fo=34, routed)          0.587     1.470    Slow_Clock/Clk_IBUF_BUFG
    SLICE_X60Y18         FDRE                                         r  Slow_Clock/count_reg[11]/C
  -------------------------------------------------------------------    -------------------
    SLICE_X60Y18         FDRE (Prop_fdre_C_Q)         0.164     1.634 r  Slow_Clock/count_reg[11]/Q
                         net (fo=2, routed)           0.125     1.760    Slow_Clock/count[11]
    SLICE_X60Y18         CARRY4 (Prop_carry4_S[2]_O[2])
                                                      0.110     1.870 r  Slow_Clock/count0_carry__1/O[2]
                         net (fo=1, routed)           0.000     1.870    Slow_Clock/data0[11]
    SLICE_X60Y18         FDRE                                         r  Slow_Clock/count_reg[11]/D
  -------------------------------------------------------------------    -------------------

                         (clock sys_clk_pin rise edge)
                                                      0.000     0.000 r  
    W5                                                0.000     0.000 r  Clk (IN)
                         net (fo=0)                   0.000     0.000    Clk
    W5                   IBUF (Prop_ibuf_I_O)         0.414     0.414 r  Clk_IBUF_inst/O
                         net (fo=1, routed)           0.685     1.099    Clk_IBUF
    BUFGCTRL_X0Y0        BUFG (Prop_bufg_I_O)         0.029     1.128 r  Clk_IBUF_BUFG_inst/O
                         net (fo=34, routed)          0.855     1.982    Slow_Clock/Clk_IBUF_BUFG
    SLICE_X60Y18         FDRE                                         r  Slow_Clock/count_reg[11]/C
                         clock pessimism             -0.512     1.470    
    SLICE_X60Y18         FDRE (Hold_fdre_C_D)         0.134     1.604    Slow_Clock/count_reg[11]
  -------------------------------------------------------------------
                         required time                         -1.604    
                         arrival time                           1.870    
  -------------------------------------------------------------------
                         slack                                  0.265    

Slack (MET) :             0.265ns  (arrival time - required time)
  Source:                 Slow_Clock/count_reg[31]/C
                            (rising edge-triggered cell FDRE clocked by sys_clk_pin  {rise@0.000ns fall@5.000ns period=10.000ns})
  Destination:            Slow_Clock/count_reg[31]/D
                            (rising edge-triggered cell FDRE clocked by sys_clk_pin  {rise@0.000ns fall@5.000ns period=10.000ns})
  Path Group:             sys_clk_pin
  Path Type:              Hold (Min at Fast Process Corner)
  Requirement:            0.000ns  (sys_clk_pin rise@0.000ns - sys_clk_pin rise@0.000ns)
  Data Path Delay:        0.399ns  (logic 0.274ns (68.589%)  route 0.125ns (31.411%))
  Logic Levels:           1  (CARRY4=1)
  Clock Path Skew:        0.000ns (DCD - SCD - CPR)
    Destination Clock Delay (DCD):    1.976ns
    Source Clock Delay      (SCD):    1.465ns
    Clock Pessimism Removal (CPR):    0.511ns

    Location             Delay type                Incr(ns)  Path(ns)    Netlist Resource(s)
  -------------------------------------------------------------------    -------------------
                         (clock sys_clk_pin rise edge)
                                                      0.000     0.000 r  
    W5                                                0.000     0.000 r  Clk (IN)
                         net (fo=0)                   0.000     0.000    Clk
    W5                   IBUF (Prop_ibuf_I_O)         0.226     0.226 r  Clk_IBUF_inst/O
                         net (fo=1, routed)           0.631     0.858    Clk_IBUF
    BUFGCTRL_X0Y0        BUFG (Prop_bufg_I_O)         0.026     0.884 r  Clk_IBUF_BUFG_inst/O
                         net (fo=34, routed)          0.582     1.465    Slow_Clock/Clk_IBUF_BUFG
    SLICE_X60Y23         FDRE                                         r  Slow_Clock/count_reg[31]/C
  -------------------------------------------------------------------    -------------------
    SLICE_X60Y23         FDRE (Prop_fdre_C_Q)         0.164     1.629 r  Slow_Clock/count_reg[31]/Q
                         net (fo=2, routed)           0.125     1.755    Slow_Clock/count[31]
    SLICE_X60Y23         CARRY4 (Prop_carry4_S[2]_O[2])
                                                      0.110     1.865 r  Slow_Clock/count0_carry__6/O[2]
                         net (fo=1, routed)           0.000     1.865    Slow_Clock/data0[31]
    SLICE_X60Y23         FDRE                                         r  Slow_Clock/count_reg[31]/D
  -------------------------------------------------------------------    -------------------

                         (clock sys_clk_pin rise edge)
                                                      0.000     0.000 r  
    W5                                                0.000     0.000 r  Clk (IN)
                         net (fo=0)                   0.000     0.000    Clk
    W5                   IBUF (Prop_ibuf_I_O)         0.414     0.414 r  Clk_IBUF_inst/O
                         net (fo=1, routed)           0.685     1.099    Clk_IBUF
    BUFGCTRL_X0Y0        BUFG (Prop_bufg_I_O)         0.029     1.128 r  Clk_IBUF_BUFG_inst/O
                         net (fo=34, routed)          0.849     1.976    Slow_Clock/Clk_IBUF_BUFG
    SLICE_X60Y23         FDRE                                         r  Slow_Clock/count_reg[31]/C
                         clock pessimism             -0.511     1.465    
    SLICE_X60Y23         FDRE (Hold_fdre_C_D)         0.134     1.599    Slow_Clock/count_reg[31]
  -------------------------------------------------------------------
                         required time                         -1.599    
                         arrival time                           1.865    
  -------------------------------------------------------------------
                         slack                                  0.265    

Slack (MET) :             0.266ns  (arrival time - required time)
  Source:                 Slow_Clock/count_reg[3]/C
                            (rising edge-triggered cell FDRE clocked by sys_clk_pin  {rise@0.000ns fall@5.000ns period=10.000ns})
  Destination:            Slow_Clock/count_reg[3]/D
                            (rising edge-triggered cell FDRE clocked by sys_clk_pin  {rise@0.000ns fall@5.000ns period=10.000ns})
  Path Group:             sys_clk_pin
  Path Type:              Hold (Min at Fast Process Corner)
  Requirement:            0.000ns  (sys_clk_pin rise@0.000ns - sys_clk_pin rise@0.000ns)
  Data Path Delay:        0.400ns  (logic 0.274ns (68.524%)  route 0.126ns (31.476%))
  Logic Levels:           1  (CARRY4=1)
  Clock Path Skew:        0.000ns (DCD - SCD - CPR)
    Destination Clock Delay (DCD):    1.984ns
    Source Clock Delay      (SCD):    1.472ns
    Clock Pessimism Removal (CPR):    0.512ns

    Location             Delay type                Incr(ns)  Path(ns)    Netlist Resource(s)
  -------------------------------------------------------------------    -------------------
                         (clock sys_clk_pin rise edge)
                                                      0.000     0.000 r  
    W5                                                0.000     0.000 r  Clk (IN)
                         net (fo=0)                   0.000     0.000    Clk
    W5                   IBUF (Prop_ibuf_I_O)         0.226     0.226 r  Clk_IBUF_inst/O
                         net (fo=1, routed)           0.631     0.858    Clk_IBUF
    BUFGCTRL_X0Y0        BUFG (Prop_bufg_I_O)         0.026     0.884 r  Clk_IBUF_BUFG_inst/O
                         net (fo=34, routed)          0.589     1.472    Slow_Clock/Clk_IBUF_BUFG
    SLICE_X60Y16         FDRE                                         r  Slow_Clock/count_reg[3]/C
  -------------------------------------------------------------------    -------------------
    SLICE_X60Y16         FDRE (Prop_fdre_C_Q)         0.164     1.636 r  Slow_Clock/count_reg[3]/Q
                         net (fo=2, routed)           0.126     1.762    Slow_Clock/count[3]
    SLICE_X60Y16         CARRY4 (Prop_carry4_S[2]_O[2])
                                                      0.110     1.872 r  Slow_Clock/count0_carry/O[2]
                         net (fo=1, routed)           0.000     1.872    Slow_Clock/data0[3]
    SLICE_X60Y16         FDRE                                         r  Slow_Clock/count_reg[3]/D
  -------------------------------------------------------------------    -------------------

                         (clock sys_clk_pin rise edge)
                                                      0.000     0.000 r  
    W5                                                0.000     0.000 r  Clk (IN)
                         net (fo=0)                   0.000     0.000    Clk
    W5                   IBUF (Prop_ibuf_I_O)         0.414     0.414 r  Clk_IBUF_inst/O
                         net (fo=1, routed)           0.685     1.099    Clk_IBUF
    BUFGCTRL_X0Y0        BUFG (Prop_bufg_I_O)         0.029     1.128 r  Clk_IBUF_BUFG_inst/O
                         net (fo=34, routed)          0.857     1.984    Slow_Clock/Clk_IBUF_BUFG
    SLICE_X60Y16         FDRE                                         r  Slow_Clock/count_reg[3]/C
                         clock pessimism             -0.512     1.472    
    SLICE_X60Y16         FDRE (Hold_fdre_C_D)         0.134     1.606    Slow_Clock/count_reg[3]
  -------------------------------------------------------------------
                         required time                         -1.606    
                         arrival time                           1.872    
  -------------------------------------------------------------------
                         slack                                  0.266    

Slack (MET) :             0.267ns  (arrival time - required time)
  Source:                 Slow_Clock/count_reg[15]/C
                            (rising edge-triggered cell FDRE clocked by sys_clk_pin  {rise@0.000ns fall@5.000ns period=10.000ns})
  Destination:            Slow_Clock/count_reg[15]/D
                            (rising edge-triggered cell FDRE clocked by sys_clk_pin  {rise@0.000ns fall@5.000ns period=10.000ns})
  Path Group:             sys_clk_pin
  Path Type:              Hold (Min at Fast Process Corner)
  Requirement:            0.000ns  (sys_clk_pin rise@0.000ns - sys_clk_pin rise@0.000ns)
  Data Path Delay:        0.401ns  (logic 0.274ns (68.412%)  route 0.127ns (31.588%))
  Logic Levels:           1  (CARRY4=1)
  Clock Path Skew:        0.000ns (DCD - SCD - CPR)
    Destination Clock Delay (DCD):    1.981ns
    Source Clock Delay      (SCD):    1.469ns
    Clock Pessimism Removal (CPR):    0.512ns

    Location             Delay type                Incr(ns)  Path(ns)    Netlist Resource(s)
  -------------------------------------------------------------------    -------------------
                         (clock sys_clk_pin rise edge)
                                                      0.000     0.000 r  
    W5                                                0.000     0.000 r  Clk (IN)
                         net (fo=0)                   0.000     0.000    Clk
    W5                   IBUF (Prop_ibuf_I_O)         0.226     0.226 r  Clk_IBUF_inst/O
                         net (fo=1, routed)           0.631     0.858    Clk_IBUF
    BUFGCTRL_X0Y0        BUFG (Prop_bufg_I_O)         0.026     0.884 r  Clk_IBUF_BUFG_inst/O
                         net (fo=34, routed)          0.586     1.469    Slow_Clock/Clk_IBUF_BUFG
    SLICE_X60Y19         FDRE                                         r  Slow_Clock/count_reg[15]/C
  -------------------------------------------------------------------    -------------------
    SLICE_X60Y19         FDRE (Prop_fdre_C_Q)         0.164     1.633 r  Slow_Clock/count_reg[15]/Q
                         net (fo=2, routed)           0.127     1.760    Slow_Clock/count[15]
    SLICE_X60Y19         CARRY4 (Prop_carry4_S[2]_O[2])
                                                      0.110     1.870 r  Slow_Clock/count0_carry__2/O[2]
                         net (fo=1, routed)           0.000     1.870    Slow_Clock/data0[15]
    SLICE_X60Y19         FDRE                                         r  Slow_Clock/count_reg[15]/D
  -------------------------------------------------------------------    -------------------

                         (clock sys_clk_pin rise edge)
                                                      0.000     0.000 r  
    W5                                                0.000     0.000 r  Clk (IN)
                         net (fo=0)                   0.000     0.000    Clk
    W5                   IBUF (Prop_ibuf_I_O)         0.414     0.414 r  Clk_IBUF_inst/O
                         net (fo=1, routed)           0.685     1.099    Clk_IBUF
    BUFGCTRL_X0Y0        BUFG (Prop_bufg_I_O)         0.029     1.128 r  Clk_IBUF_BUFG_inst/O
                         net (fo=34, routed)          0.854     1.981    Slow_Clock/Clk_IBUF_BUFG
    SLICE_X60Y19         FDRE                                         r  Slow_Clock/count_reg[15]/C
                         clock pessimism             -0.512     1.469    
    SLICE_X60Y19         FDRE (Hold_fdre_C_D)         0.134     1.603    Slow_Clock/count_reg[15]
  -------------------------------------------------------------------
                         required time                         -1.603    
                         arrival time                           1.870    
  -------------------------------------------------------------------
                         slack                                  0.267    

Slack (MET) :             0.280ns  (arrival time - required time)
  Source:                 Slow_Clock/count_reg[0]/C
                            (rising edge-triggered cell FDRE clocked by sys_clk_pin  {rise@0.000ns fall@5.000ns period=10.000ns})
  Destination:            Slow_Clock/count_reg[1]/D
                            (rising edge-triggered cell FDRE clocked by sys_clk_pin  {rise@0.000ns fall@5.000ns period=10.000ns})
  Path Group:             sys_clk_pin
  Path Type:              Hold (Min at Fast Process Corner)
  Requirement:            0.000ns  (sys_clk_pin rise@0.000ns - sys_clk_pin rise@0.000ns)
  Data Path Delay:        0.427ns  (logic 0.299ns (69.974%)  route 0.128ns (30.026%))
  Logic Levels:           1  (CARRY4=1)
  Clock Path Skew:        0.013ns (DCD - SCD - CPR)
    Destination Clock Delay (DCD):    1.984ns
    Source Clock Delay      (SCD):    1.472ns
    Clock Pessimism Removal (CPR):    0.499ns

    Location             Delay type                Incr(ns)  Path(ns)    Netlist Resource(s)
  -------------------------------------------------------------------    -------------------
                         (clock sys_clk_pin rise edge)
                                                      0.000     0.000 r  
    W5                                                0.000     0.000 r  Clk (IN)
                         net (fo=0)                   0.000     0.000    Clk
    W5                   IBUF (Prop_ibuf_I_O)         0.226     0.226 r  Clk_IBUF_inst/O
                         net (fo=1, routed)           0.631     0.858    Clk_IBUF
    BUFGCTRL_X0Y0        BUFG (Prop_bufg_I_O)         0.026     0.884 r  Clk_IBUF_BUFG_inst/O
                         net (fo=34, routed)          0.589     1.472    Slow_Clock/Clk_IBUF_BUFG
    SLICE_X61Y16         FDRE                                         r  Slow_Clock/count_reg[0]/C
  -------------------------------------------------------------------    -------------------
    SLICE_X61Y16         FDRE (Prop_fdre_C_Q)         0.141     1.613 r  Slow_Clock/count_reg[0]/Q
                         net (fo=3, routed)           0.128     1.741    Slow_Clock/count[0]
    SLICE_X60Y16         CARRY4 (Prop_carry4_CYINIT_O[0])
                                                      0.158     1.899 r  Slow_Clock/count0_carry/O[0]
                         net (fo=1, routed)           0.000     1.899    Slow_Clock/data0[1]
    SLICE_X60Y16         FDRE                                         r  Slow_Clock/count_reg[1]/D
  -------------------------------------------------------------------    -------------------

                         (clock sys_clk_pin rise edge)
                                                      0.000     0.000 r  
    W5                                                0.000     0.000 r  Clk (IN)
                         net (fo=0)                   0.000     0.000    Clk
    W5                   IBUF (Prop_ibuf_I_O)         0.414     0.414 r  Clk_IBUF_inst/O
                         net (fo=1, routed)           0.685     1.099    Clk_IBUF
    BUFGCTRL_X0Y0        BUFG (Prop_bufg_I_O)         0.029     1.128 r  Clk_IBUF_BUFG_inst/O
                         net (fo=34, routed)          0.857     1.984    Slow_Clock/Clk_IBUF_BUFG
    SLICE_X60Y16         FDRE                                         r  Slow_Clock/count_reg[1]/C
                         clock pessimism             -0.499     1.485    
    SLICE_X60Y16         FDRE (Hold_fdre_C_D)         0.134     1.619    Slow_Clock/count_reg[1]
  -------------------------------------------------------------------
                         required time                         -1.619    
                         arrival time                           1.899    
  -------------------------------------------------------------------
                         slack                                  0.280    

Slack (MET) :             0.301ns  (arrival time - required time)
  Source:                 Slow_Clock/count_reg[11]/C
                            (rising edge-triggered cell FDRE clocked by sys_clk_pin  {rise@0.000ns fall@5.000ns period=10.000ns})
  Destination:            Slow_Clock/count_reg[12]/D
                            (rising edge-triggered cell FDRE clocked by sys_clk_pin  {rise@0.000ns fall@5.000ns period=10.000ns})
  Path Group:             sys_clk_pin
  Path Type:              Hold (Min at Fast Process Corner)
  Requirement:            0.000ns  (sys_clk_pin rise@0.000ns - sys_clk_pin rise@0.000ns)
  Data Path Delay:        0.435ns  (logic 0.310ns (71.185%)  route 0.125ns (28.815%))
  Logic Levels:           1  (CARRY4=1)
  Clock Path Skew:        0.000ns (DCD - SCD - CPR)
    Destination Clock Delay (DCD):    1.982ns
    Source Clock Delay      (SCD):    1.470ns
    Clock Pessimism Removal (CPR):    0.512ns

    Location             Delay type                Incr(ns)  Path(ns)    Netlist Resource(s)
  -------------------------------------------------------------------    -------------------
                         (clock sys_clk_pin rise edge)
                                                      0.000     0.000 r  
    W5                                                0.000     0.000 r  Clk (IN)
                         net (fo=0)                   0.000     0.000    Clk
    W5                   IBUF (Prop_ibuf_I_O)         0.226     0.226 r  Clk_IBUF_inst/O
                         net (fo=1, routed)           0.631     0.858    Clk_IBUF
    BUFGCTRL_X0Y0        BUFG (Prop_bufg_I_O)         0.026     0.884 r  Clk_IBUF_BUFG_inst/O
                         net (fo=34, routed)          0.587     1.470    Slow_Clock/Clk_IBUF_BUFG
    SLICE_X60Y18         FDRE                                         r  Slow_Clock/count_reg[11]/C
  -------------------------------------------------------------------    -------------------
    SLICE_X60Y18         FDRE (Prop_fdre_C_Q)         0.164     1.634 r  Slow_Clock/count_reg[11]/Q
                         net (fo=2, routed)           0.125     1.760    Slow_Clock/count[11]
    SLICE_X60Y18         CARRY4 (Prop_carry4_S[2]_O[3])
                                                      0.146     1.906 r  Slow_Clock/count0_carry__1/O[3]
                         net (fo=1, routed)           0.000     1.906    Slow_Clock/data0[12]
    SLICE_X60Y18         FDRE                                         r  Slow_Clock/count_reg[12]/D
  -------------------------------------------------------------------    -------------------

                         (clock sys_clk_pin rise edge)
                                                      0.000     0.000 r  
    W5                                                0.000     0.000 r  Clk (IN)
                         net (fo=0)                   0.000     0.000    Clk
    W5                   IBUF (Prop_ibuf_I_O)         0.414     0.414 r  Clk_IBUF_inst/O
                         net (fo=1, routed)           0.685     1.099    Clk_IBUF
    BUFGCTRL_X0Y0        BUFG (Prop_bufg_I_O)         0.029     1.128 r  Clk_IBUF_BUFG_inst/O
                         net (fo=34, routed)          0.855     1.982    Slow_Clock/Clk_IBUF_BUFG
    SLICE_X60Y18         FDRE                                         r  Slow_Clock/count_reg[12]/C
                         clock pessimism             -0.512     1.470    
    SLICE_X60Y18         FDRE (Hold_fdre_C_D)         0.134     1.604    Slow_Clock/count_reg[12]
  -------------------------------------------------------------------
                         required time                         -1.604    
                         arrival time                           1.906    
  -------------------------------------------------------------------
                         slack                                  0.301    

Slack (MET) :             0.301ns  (arrival time - required time)
  Source:                 Slow_Clock/count_reg[23]/C
                            (rising edge-triggered cell FDRE clocked by sys_clk_pin  {rise@0.000ns fall@5.000ns period=10.000ns})
  Destination:            Slow_Clock/count_reg[24]/D
                            (rising edge-triggered cell FDRE clocked by sys_clk_pin  {rise@0.000ns fall@5.000ns period=10.000ns})
  Path Group:             sys_clk_pin
  Path Type:              Hold (Min at Fast Process Corner)
  Requirement:            0.000ns  (sys_clk_pin rise@0.000ns - sys_clk_pin rise@0.000ns)
  Data Path Delay:        0.435ns  (logic 0.310ns (71.185%)  route 0.125ns (28.815%))
  Logic Levels:           1  (CARRY4=1)
  Clock Path Skew:        0.000ns (DCD - SCD - CPR)
    Destination Clock Delay (DCD):    1.979ns
    Source Clock Delay      (SCD):    1.467ns
    Clock Pessimism Removal (CPR):    0.512ns

    Location             Delay type                Incr(ns)  Path(ns)    Netlist Resource(s)
  -------------------------------------------------------------------    -------------------
                         (clock sys_clk_pin rise edge)
                                                      0.000     0.000 r  
    W5                                                0.000     0.000 r  Clk (IN)
                         net (fo=0)                   0.000     0.000    Clk
    W5                   IBUF (Prop_ibuf_I_O)         0.226     0.226 r  Clk_IBUF_inst/O
                         net (fo=1, routed)           0.631     0.858    Clk_IBUF
    BUFGCTRL_X0Y0        BUFG (Prop_bufg_I_O)         0.026     0.884 r  Clk_IBUF_BUFG_inst/O
                         net (fo=34, routed)          0.584     1.467    Slow_Clock/Clk_IBUF_BUFG
    SLICE_X60Y21         FDRE                                         r  Slow_Clock/count_reg[23]/C
  -------------------------------------------------------------------    -------------------
    SLICE_X60Y21         FDRE (Prop_fdre_C_Q)         0.164     1.631 r  Slow_Clock/count_reg[23]/Q
                         net (fo=2, routed)           0.125     1.757    Slow_Clock/count[23]
    SLICE_X60Y21         CARRY4 (Prop_carry4_S[2]_O[3])
                                                      0.146     1.903 r  Slow_Clock/count0_carry__4/O[3]
                         net (fo=1, routed)           0.000     1.903    Slow_Clock/data0[24]
    SLICE_X60Y21         FDRE                                         r  Slow_Clock/count_reg[24]/D
  -------------------------------------------------------------------    -------------------

                         (clock sys_clk_pin rise edge)
                                                      0.000     0.000 r  
    W5                                                0.000     0.000 r  Clk (IN)
                         net (fo=0)                   0.000     0.000    Clk
    W5                   IBUF (Prop_ibuf_I_O)         0.414     0.414 r  Clk_IBUF_inst/O
                         net (fo=1, routed)           0.685     1.099    Clk_IBUF
    BUFGCTRL_X0Y0        BUFG (Prop_bufg_I_O)         0.029     1.128 r  Clk_IBUF_BUFG_inst/O
                         net (fo=34, routed)          0.852     1.979    Slow_Clock/Clk_IBUF_BUFG
    SLICE_X60Y21         FDRE                                         r  Slow_Clock/count_reg[24]/C
                         clock pessimism             -0.512     1.467    
    SLICE_X60Y21         FDRE (Hold_fdre_C_D)         0.134     1.601    Slow_Clock/count_reg[24]
  -------------------------------------------------------------------
                         required time                         -1.601    
                         arrival time                           1.903    
  -------------------------------------------------------------------
                         slack                                  0.301    

Slack (MET) :             0.302ns  (arrival time - required time)
  Source:                 Slow_Clock/count_reg[3]/C
                            (rising edge-triggered cell FDRE clocked by sys_clk_pin  {rise@0.000ns fall@5.000ns period=10.000ns})
  Destination:            Slow_Clock/count_reg[4]/D
                            (rising edge-triggered cell FDRE clocked by sys_clk_pin  {rise@0.000ns fall@5.000ns period=10.000ns})
  Path Group:             sys_clk_pin
  Path Type:              Hold (Min at Fast Process Corner)
  Requirement:            0.000ns  (sys_clk_pin rise@0.000ns - sys_clk_pin rise@0.000ns)
  Data Path Delay:        0.436ns  (logic 0.310ns (71.124%)  route 0.126ns (28.876%))
  Logic Levels:           1  (CARRY4=1)
  Clock Path Skew:        0.000ns (DCD - SCD - CPR)
    Destination Clock Delay (DCD):    1.984ns
    Source Clock Delay      (SCD):    1.472ns
    Clock Pessimism Removal (CPR):    0.512ns

    Location             Delay type                Incr(ns)  Path(ns)    Netlist Resource(s)
  -------------------------------------------------------------------    -------------------
                         (clock sys_clk_pin rise edge)
                                                      0.000     0.000 r  
    W5                                                0.000     0.000 r  Clk (IN)
                         net (fo=0)                   0.000     0.000    Clk
    W5                   IBUF (Prop_ibuf_I_O)         0.226     0.226 r  Clk_IBUF_inst/O
                         net (fo=1, routed)           0.631     0.858    Clk_IBUF
    BUFGCTRL_X0Y0        BUFG (Prop_bufg_I_O)         0.026     0.884 r  Clk_IBUF_BUFG_inst/O
                         net (fo=34, routed)          0.589     1.472    Slow_Clock/Clk_IBUF_BUFG
    SLICE_X60Y16         FDRE                                         r  Slow_Clock/count_reg[3]/C
  -------------------------------------------------------------------    -------------------
    SLICE_X60Y16         FDRE (Prop_fdre_C_Q)         0.164     1.636 r  Slow_Clock/count_reg[3]/Q
                         net (fo=2, routed)           0.126     1.762    Slow_Clock/count[3]
    SLICE_X60Y16         CARRY4 (Prop_carry4_S[2]_O[3])
                                                      0.146     1.908 r  Slow_Clock/count0_carry/O[3]
                         net (fo=1, routed)           0.000     1.908    Slow_Clock/data0[4]
    SLICE_X60Y16         FDRE                                         r  Slow_Clock/count_reg[4]/D
  -------------------------------------------------------------------    -------------------

                         (clock sys_clk_pin rise edge)
                                                      0.000     0.000 r  
    W5                                                0.000     0.000 r  Clk (IN)
                         net (fo=0)                   0.000     0.000    Clk
    W5                   IBUF (Prop_ibuf_I_O)         0.414     0.414 r  Clk_IBUF_inst/O
                         net (fo=1, routed)           0.685     1.099    Clk_IBUF
    BUFGCTRL_X0Y0        BUFG (Prop_bufg_I_O)         0.029     1.128 r  Clk_IBUF_BUFG_inst/O
                         net (fo=34, routed)          0.857     1.984    Slow_Clock/Clk_IBUF_BUFG
    SLICE_X60Y16         FDRE                                         r  Slow_Clock/count_reg[4]/C
                         clock pessimism             -0.512     1.472    
    SLICE_X60Y16         FDRE (Hold_fdre_C_D)         0.134     1.606    Slow_Clock/count_reg[4]
  -------------------------------------------------------------------
                         required time                         -1.606    
                         arrival time                           1.908    
  -------------------------------------------------------------------
                         slack                                  0.302    

Slack (MET) :             0.303ns  (arrival time - required time)
  Source:                 Slow_Clock/count_reg[15]/C
                            (rising edge-triggered cell FDRE clocked by sys_clk_pin  {rise@0.000ns fall@5.000ns period=10.000ns})
  Destination:            Slow_Clock/count_reg[16]/D
                            (rising edge-triggered cell FDRE clocked by sys_clk_pin  {rise@0.000ns fall@5.000ns period=10.000ns})
  Path Group:             sys_clk_pin
  Path Type:              Hold (Min at Fast Process Corner)
  Requirement:            0.000ns  (sys_clk_pin rise@0.000ns - sys_clk_pin rise@0.000ns)
  Data Path Delay:        0.437ns  (logic 0.310ns (71.017%)  route 0.127ns (28.983%))
  Logic Levels:           1  (CARRY4=1)
  Clock Path Skew:        0.000ns (DCD - SCD - CPR)
    Destination Clock Delay (DCD):    1.981ns
    Source Clock Delay      (SCD):    1.469ns
    Clock Pessimism Removal (CPR):    0.512ns

    Location             Delay type                Incr(ns)  Path(ns)    Netlist Resource(s)
  -------------------------------------------------------------------    -------------------
                         (clock sys_clk_pin rise edge)
                                                      0.000     0.000 r  
    W5                                                0.000     0.000 r  Clk (IN)
                         net (fo=0)                   0.000     0.000    Clk
    W5                   IBUF (Prop_ibuf_I_O)         0.226     0.226 r  Clk_IBUF_inst/O
                         net (fo=1, routed)           0.631     0.858    Clk_IBUF
    BUFGCTRL_X0Y0        BUFG (Prop_bufg_I_O)         0.026     0.884 r  Clk_IBUF_BUFG_inst/O
                         net (fo=34, routed)          0.586     1.469    Slow_Clock/Clk_IBUF_BUFG
    SLICE_X60Y19         FDRE                                         r  Slow_Clock/count_reg[15]/C
  -------------------------------------------------------------------    -------------------
    SLICE_X60Y19         FDRE (Prop_fdre_C_Q)         0.164     1.633 r  Slow_Clock/count_reg[15]/Q
                         net (fo=2, routed)           0.127     1.760    Slow_Clock/count[15]
    SLICE_X60Y19         CARRY4 (Prop_carry4_S[2]_O[3])
                                                      0.146     1.906 r  Slow_Clock/count0_carry__2/O[3]
                         net (fo=1, routed)           0.000     1.906    Slow_Clock/data0[16]
    SLICE_X60Y19         FDRE                                         r  Slow_Clock/count_reg[16]/D
  -------------------------------------------------------------------    -------------------

                         (clock sys_clk_pin rise edge)
                                                      0.000     0.000 r  
    W5                                                0.000     0.000 r  Clk (IN)
                         net (fo=0)                   0.000     0.000    Clk
    W5                   IBUF (Prop_ibuf_I_O)         0.414     0.414 r  Clk_IBUF_inst/O
                         net (fo=1, routed)           0.685     1.099    Clk_IBUF
    BUFGCTRL_X0Y0        BUFG (Prop_bufg_I_O)         0.029     1.128 r  Clk_IBUF_BUFG_inst/O
                         net (fo=34, routed)          0.854     1.981    Slow_Clock/Clk_IBUF_BUFG
    SLICE_X60Y19         FDRE                                         r  Slow_Clock/count_reg[16]/C
                         clock pessimism             -0.512     1.469    
    SLICE_X60Y19         FDRE (Hold_fdre_C_D)         0.134     1.603    Slow_Clock/count_reg[16]
  -------------------------------------------------------------------
                         required time                         -1.603    
                         arrival time                           1.906    
  -------------------------------------------------------------------
                         slack                                  0.303    





Pulse Width Checks
--------------------------------------------------------------------------------------
Clock Name:         sys_clk_pin
Waveform(ns):       { 0.000 5.000 }
Period(ns):         10.000
Sources:            { Clk }

Check Type        Corner  Lib Pin  Reference Pin  Required(ns)  Actual(ns)  Slack(ns)  Location       Pin
Min Period        n/a     BUFG/I   n/a            2.155         10.000      7.845      BUFGCTRL_X0Y0  Clk_IBUF_BUFG_inst/I
Min Period        n/a     FDRE/C   n/a            1.000         10.000      9.000      SLICE_X59Y19   Slow_Clock/Clk_out_reg/C
Min Period        n/a     FDRE/C   n/a            1.000         10.000      9.000      SLICE_X59Y19   Slow_Clock/clk_status_reg/C
Min Period        n/a     FDRE/C   n/a            1.000         10.000      9.000      SLICE_X61Y16   Slow_Clock/count_reg[0]/C
Min Period        n/a     FDRE/C   n/a            1.000         10.000      9.000      SLICE_X60Y18   Slow_Clock/count_reg[10]/C
Min Period        n/a     FDRE/C   n/a            1.000         10.000      9.000      SLICE_X60Y18   Slow_Clock/count_reg[11]/C
Min Period        n/a     FDRE/C   n/a            1.000         10.000      9.000      SLICE_X60Y18   Slow_Clock/count_reg[12]/C
Min Period        n/a     FDRE/C   n/a            1.000         10.000      9.000      SLICE_X60Y19   Slow_Clock/count_reg[13]/C
Min Period        n/a     FDRE/C   n/a            1.000         10.000      9.000      SLICE_X60Y19   Slow_Clock/count_reg[14]/C
Min Period        n/a     FDRE/C   n/a            1.000         10.000      9.000      SLICE_X60Y19   Slow_Clock/count_reg[15]/C
Low Pulse Width   Slow    FDRE/C   n/a            0.500         5.000       4.500      SLICE_X59Y19   Slow_Clock/Clk_out_reg/C
Low Pulse Width   Slow    FDRE/C   n/a            0.500         5.000       4.500      SLICE_X59Y19   Slow_Clock/clk_status_reg/C
Low Pulse Width   Slow    FDRE/C   n/a            0.500         5.000       4.500      SLICE_X60Y19   Slow_Clock/count_reg[13]/C
Low Pulse Width   Slow    FDRE/C   n/a            0.500         5.000       4.500      SLICE_X60Y19   Slow_Clock/count_reg[14]/C
Low Pulse Width   Slow    FDRE/C   n/a            0.500         5.000       4.500      SLICE_X60Y19   Slow_Clock/count_reg[15]/C
Low Pulse Width   Slow    FDRE/C   n/a            0.500         5.000       4.500      SLICE_X60Y19   Slow_Clock/count_reg[16]/C
Low Pulse Width   Slow    FDRE/C   n/a            0.500         5.000       4.500      SLICE_X60Y20   Slow_Clock/count_reg[17]/C
Low Pulse Width   Slow    FDRE/C   n/a            0.500         5.000       4.500      SLICE_X60Y20   Slow_Clock/count_reg[18]/C
Low Pulse Width   Slow    FDRE/C   n/a            0.500         5.000       4.500      SLICE_X60Y20   Slow_Clock/count_reg[19]/C
Low Pulse Width   Slow    FDRE/C   n/a            0.500         5.000       4.500      SLICE_X60Y20   Slow_Clock/count_reg[20]/C
High Pulse Width  Slow    FDRE/C   n/a            0.500         5.000       4.500      SLICE_X61Y16   Slow_Clock/count_reg[0]/C
High Pulse Width  Slow    FDRE/C   n/a            0.500         5.000       4.500      SLICE_X60Y16   Slow_Clock/count_reg[1]/C
High Pulse Width  Slow    FDRE/C   n/a            0.500         5.000       4.500      SLICE_X60Y22   Slow_Clock/count_reg[25]/C
High Pulse Width  Slow    FDRE/C   n/a            0.500         5.000       4.500      SLICE_X60Y22   Slow_Clock/count_reg[26]/C
High Pulse Width  Slow    FDRE/C   n/a            0.500         5.000       4.500      SLICE_X60Y22   Slow_Clock/count_reg[27]/C
High Pulse Width  Slow    FDRE/C   n/a            0.500         5.000       4.500      SLICE_X60Y22   Slow_Clock/count_reg[28]/C
High Pulse Width  Slow    FDRE/C   n/a            0.500         5.000       4.500      SLICE_X60Y23   Slow_Clock/count_reg[29]/C
High Pulse Width  Slow    FDRE/C   n/a            0.500         5.000       4.500      SLICE_X60Y16   Slow_Clock/count_reg[2]/C
High Pulse Width  Slow    FDRE/C   n/a            0.500         5.000       4.500      SLICE_X60Y23   Slow_Clock/count_reg[30]/C
High Pulse Width  Slow    FDRE/C   n/a            0.500         5.000       4.500      SLICE_X60Y23   Slow_Clock/count_reg[31]/C



